<?xml version="1.0" encoding="UTF-8"?>
<!-- Generated by org.testng.reporters.JUnitXMLReporter -->
<testsuite hostname="devcon4" name="Surefire test" tests="3" failures="0" timestamp="25 Apr 2016 09:28:45 GMT" time="35.915" errors="0">
  <testcase name="invalidlogin" time="10.494" classname="steps.invalidLoginTest"/>
  <testcase name="login" time="12.405" classname="steps.validLoginTest"/>
  <testcase name="noValue" time="12.929" classname="steps.valueNotSpecifiedTest"/>
</testsuite> <!-- Surefire test -->
